<?xml version="1.0" encoding="UTF-8"?>
<!-- Generated by org.testng.reporters.JUnitReportReporter -->
<testsuite hostname="C02G738AMD6P" failures="0" tests="1" name="com.example.tests.HomePage" time="3.443" errors="0" timestamp="2025-07-08T16:48:11 WIB" skipped="0">
  <testcase classname="com.example.tests.HomePage" name="itemCardsSuccessShow" time="3.443"/>
</testsuite> <!-- com.example.tests.HomePage -->
