<?xml version="1.0" encoding="UTF-8"?>
<!-- Generated by org.testng.reporters.JUnitReportReporter -->
<testsuite hostname="C02G738AMD6P" failures="0" tests="1" name="com.example.tests.HomePage" time="4.739" errors="0" timestamp="2025-07-17T12:42:21 WIB" skipped="0">
  <testcase classname="com.example.tests.HomePage" name="itemCardsSuccessShow" time="4.739"/>
</testsuite> <!-- com.example.tests.HomePage -->
