<?xml version="1.0" encoding="UTF-8"?>
<!-- Generated by org.testng.reporters.JUnitReportReporter -->
<testsuite hostname="C02G738AMD6P" failures="0" tests="1" name="com.example.tests.SauceDemoTest" time="3.579" errors="0" timestamp="2025-06-23T23:29:33 WIB" skipped="0">
  <testcase classname="com.example.tests.SauceDemoTest" name="loginTest" time="3.579"/>
</testsuite> <!-- com.example.tests.SauceDemoTest -->
