<?xml version="1.0" encoding="UTF-8"?>
<!-- Generated by org.testng.reporters.JUnitReportReporter -->
<testsuite hostname="C02G738AMD6P" failures="0" tests="1" name="com.example.tests.LoginTest" time="3.373" errors="0" timestamp="2025-06-24T15:55:52 WIB" skipped="0">
  <testcase classname="com.example.tests.LoginTest" name="loginSuccessTest" time="3.373"/>
</testsuite> <!-- com.example.tests.LoginTest -->
