<?xml version="1.0" encoding="UTF-8"?>
<!-- Generated by org.testng.reporters.JUnitReportReporter -->
<testsuite hostname="C02G738AMD6P" failures="0" tests="1" name="com.example.tests.LoginPage" time="2.533" errors="0" timestamp="2025-07-01T10:04:48 WIB" skipped="0">
  <testcase classname="com.example.tests.LoginPage" name="loginSuccessTest" time="2.533"/>
</testsuite> <!-- com.example.tests.LoginPage -->
