<?xml version="1.0" encoding="UTF-8"?>
<!-- Generated by org.testng.reporters.JUnitReportReporter -->
<testsuite hostname="C02G738AMD6P" failures="0" tests="1" name="com.example.LoginPageTest" time="2.565" errors="0" timestamp="2025-07-11T11:30:21 WIB" skipped="0">
  <testcase classname="com.example.LoginPageTest" name="loginSuccessTest" time="2.565"/>
</testsuite> <!-- com.example.LoginPageTest -->
